<?xml version="1.0" encoding="UTF-8"?>
<testsuite xmlns:xsi="http://www.w3.org/2001/XMLSchema-instance" xsi:noNamespaceSchemaLocation="https://maven.apache.org/surefire/maven-surefire-plugin/xsd/surefire-test-report-3.0.xsd" version="3.0" name="com.dispatch.service.DispatchEngineTest" time="0.06" tests="18" errors="0" skipped="0" failures="0">
  <properties>
[...]
</properties>
  <testcase name="testEmergencyHistoryRecordsEveryValidRequest" classname="com.dispatch.service.DispatchEngineTest" time="0.023"/>
  <testcase name="testNearestCompatibleAmbulanceIsSelected" classname="com.dispatch.service.DispatchEngineTest" time="0.0"/>
  <testcase name="testDuplicateAmbulanceRegistrationIsRejected" classname="com.dispatch.service.DispatchEngineTest" time="0.001"/>
  <testcase name="testHighCanUseAdvancedLifeSupportOrIcu" classname="com.dispatch.service.DispatchEngineTest" time="0.001"/>
  <testcase name="testCriticalRequiresIcuAmbulance" classname="com.dispatch.service.DispatchEngineTest" time="0.001"/>
  <testcase name="testCriticalGetsPriorityOverNormalWhenWaiting" classname="com.dispatch.service.DispatchEngineTest" time="0.001"/>
  <testcase name="testNullRequestIsRejected" classname="com.dispatch.service.DispatchEngineTest" time="0.001"/>
  <testcase name="testInvalidStateTransitionIsRejected" classname="com.dispatch.service.DispatchEngineTest" time="0.004"/>
  <testcase name="testInvalidRequestWithBlankEmergencyType" classname="com.dispatch.service.DispatchEngineTest" time="0.001"/>
  <testcase name="testCompleteAmbulanceStateWorkflow" classname="com.dispatch.service.DispatchEngineTest" time="0.001"/>
  <testcase name="testUnknownAmbulanceThrowsException" classname="com.dispatch.service.DispatchEngineTest" time="0.0"/>
  <testcase name="testWaitingRequestAutomaticallyAllocatedWhenAmbulanceRegistered" classname="com.dispatch.service.DispatchEngineTest" time="0.0"/>
  <testcase name="testNullAmbulanceRegistrationIsRejected" classname="com.dispatch.service.DispatchEngineTest" time="0.001"/>
  <testcase name="testAllEmergencyPrioritiesAreAccepted" classname="com.dispatch.service.DispatchEngineTest" time="0.0"/>
  <testcase name="testAmbulanceCannotBeAssignedTwice" classname="com.dispatch.service.DispatchEngineTest" time="0.0"/>
  <testcase name="testInvalidRequestWithBlankPatientId" classname="com.dispatch.service.DispatchEngineTest" time="0.0"/>
  <testcase name="testInvalidRequestWithBlankHospital" classname="com.dispatch.service.DispatchEngineTest" time="0.0"/>
  <testcase name="testWaitingQueueReturnsCopy" classname="com.dispatch.service.DispatchEngineTest" time="0.001"/>
</testsuite>